<?xml version="1.0" encoding="UTF-8"?>
<!-- Generated by org.testng.reporters.JUnitXMLReporter -->
<testsuite ignored="0" hostname="LAPTOP-SGCHBQ7S" failures="0" tests="4" name="Default test" time="5.493" errors="0" timestamp="2025-11-30T20:45:10 IST">
  <testcase classname="TestNG.OrangeHRMTest" name="openApp" time="3.546"/>
  <testcase classname="TestNG.OrangeHRMTest" name="logoPresence" time="0.156"/>
  <testcase classname="TestNG.OrangeHRMTest" name="loginApp" time="0.837"/>
  <testcase classname="TestNG.OrangeHRMTest" name="closeApp" time="0.793"/>
</testsuite> <!-- Default test -->
