<?xml version="1.0" encoding="UTF-8"?>
<!-- Generated by org.testng.reporters.JUnitXMLReporter -->
<testsuite ignored="0" hostname="LAPTOP-SGCHBQ7S" failures="0" tests="3" name="Default test" time="0.141" errors="0" timestamp="2025-12-09T21:37:06 IST">
  <testcase classname="GroupingDemo.searchTests" name="advancedSearch" time="0.024"/>
  <testcase classname="GroupingDemo.searchTests" name="googleSearch" time="0.003"/>
  <testcase classname="GroupingDemo.searchTests" name="search" time="0.004"/>
</testsuite> <!-- Default test -->
