<?xml version="1.0" encoding="UTF-8"?>
<!-- Generated by org.testng.reporters.JUnitXMLReporter -->
<testsuite ignored="0" hostname="LAPTOP-SGCHBQ7S" failures="0" tests="8" name="Test" time="6.386" errors="0" timestamp="2025-11-30T20:48:41 IST">
  <testcase classname="TestNG.FirstTestCase" name="logoutApp" time="0.016"/>
  <testcase classname="TestNG.FirstTestCase" name="closeApp" time="0.005"/>
  <testcase classname="TestNG.FirstTestCase" name="loginApp" time="0.004"/>
  <testcase classname="TestNG.FirstTestCase" name="openApp" time="0.003"/>
  <testcase classname="TestNG.OrangeHRMTest" name="openApp" time="4.382"/>
  <testcase classname="TestNG.OrangeHRMTest" name="logoPresence" time="0.112"/>
  <testcase classname="TestNG.OrangeHRMTest" name="loginApp" time="0.977"/>
  <testcase classname="TestNG.OrangeHRMTest" name="closeApp" time="0.738"/>
</testsuite> <!-- Test -->
