<?xml version="1.0" encoding="UTF-8"?>
<!-- Generated by org.testng.reporters.JUnitXMLReporter -->
<testsuite ignored="6" hostname="LAPTOP-SGCHBQ7S" failures="0" tests="3" name="Test" time="0.208" errors="0" timestamp="2025-12-09T21:53:57 IST">
  <testcase classname="GroupingDemo.searchTests" name="search" time="0.028"/>
  <testcase classname="GroupingDemo.searchTests" name="advancedSearch" time="0.004"/>
  <testcase classname="GroupingDemo.searchTests" name="googleSearch" time="0.007"/>
  <testcase classname="GroupingDemo.signUpTests" name="signwithEmail" time="0.0">
    <ignored/>
  </testcase> <!-- signwithEmail -->
  <testcase classname="GroupingDemo.signUpTests" name="signwithtwitter" time="0.0">
    <ignored/>
  </testcase> <!-- signwithtwitter -->
  <testcase classname="GroupingDemo.LoginTests" name="loginwithemail" time="0.0">
    <ignored/>
  </testcase> <!-- loginwithemail -->
  <testcase classname="GroupingDemo.signUpTests" name="signwithFB" time="0.0">
    <ignored/>
  </testcase> <!-- signwithFB -->
  <testcase classname="GroupingDemo.LoginTests" name="loginwithtwitter" time="0.0">
    <ignored/>
  </testcase> <!-- loginwithtwitter -->
  <testcase classname="GroupingDemo.LoginTests" name="loginwithFB" time="0.0">
    <ignored/>
  </testcase> <!-- loginwithFB -->
</testsuite> <!-- Test -->
