<?xml version="1.0" encoding="UTF-8"?>
<!-- Generated by org.testng.reporters.JUnitXMLReporter -->
<testsuite ignored="0" hostname="LAPTOP-SGCHBQ7S" failures="0" tests="3" name="Test1" time="0.139" errors="0" timestamp="2025-12-06T11:49:04 IST">
  <testcase classname="TestNGAnnotations.Class1" name="methodClass1" time="0.016"/>
  <testcase classname="TestNGAnnotations.Class2" name="methodClass1" time="0.004"/>
  <testcase classname="TestNGAnnotations.Class3" name="method" time="0.004"/>
</testsuite> <!-- Test1 -->
