<?xml version="1.0" encoding="UTF-8"?>
<testng-results ignored="0" total="8" passed="8" failed="0" skipped="0">
  <reporter-output>
  </reporter-output>
  <suite started-at="2025-11-30T20:48:35 IST" name="Suite" finished-at="2025-11-30T20:48:41 IST" duration-ms="6386">
    <groups>
    </groups>
    <test started-at="2025-11-30T20:48:35 IST" name="Test" finished-at="2025-11-30T20:48:41 IST" duration-ms="6386">
      <class name="TestNG.FirstTestCase">
        <test-method signature="logoutApp()[pri:-1, instance:TestNG.FirstTestCase@34e9fd99]" started-at="2025-11-30T20:48:35 IST" name="logoutApp" finished-at="2025-11-30T20:48:35 IST" duration-ms="16" status="PASS">
          <reporter-output>
          </reporter-output>
        </test-method> <!-- logoutApp -->
        <test-method signature="closeApp()[pri:0, instance:TestNG.FirstTestCase@34e9fd99]" started-at="2025-11-30T20:48:35 IST" name="closeApp" finished-at="2025-11-30T20:48:35 IST" duration-ms="5" status="PASS">
          <reporter-output>
          </reporter-output>
        </test-method> <!-- closeApp -->
        <test-method signature="loginApp()[pri:2, instance:TestNG.FirstTestCase@34e9fd99]" started-at="2025-11-30T20:48:35 IST" name="loginApp" finished-at="2025-11-30T20:48:35 IST" duration-ms="4" status="PASS">
          <reporter-output>
          </reporter-output>
        </test-method> <!-- loginApp -->
        <test-method signature="openApp()[pri:2, instance:TestNG.FirstTestCase@34e9fd99]" started-at="2025-11-30T20:48:35 IST" name="openApp" finished-at="2025-11-30T20:48:35 IST" duration-ms="3" status="PASS">
          <reporter-output>
          </reporter-output>
        </test-method> <!-- openApp -->
      </class> <!-- TestNG.FirstTestCase -->
      <class name="TestNG.OrangeHRMTest">
        <test-method signature="openApp()[pri:-1, instance:TestNG.OrangeHRMTest@6025e1b6]" started-at="2025-11-30T20:48:35 IST" name="openApp" finished-at="2025-11-30T20:48:39 IST" duration-ms="4382" status="PASS">
          <reporter-output>
          </reporter-output>
        </test-method> <!-- openApp -->
        <test-method signature="logoPresence()[pri:0, instance:TestNG.OrangeHRMTest@6025e1b6]" started-at="2025-11-30T20:48:39 IST" name="logoPresence" finished-at="2025-11-30T20:48:39 IST" duration-ms="112" status="PASS">
          <reporter-output>
          </reporter-output>
        </test-method> <!-- logoPresence -->
        <test-method signature="loginApp()[pri:1, instance:TestNG.OrangeHRMTest@6025e1b6]" started-at="2025-11-30T20:48:39 IST" name="loginApp" finished-at="2025-11-30T20:48:40 IST" duration-ms="977" status="PASS">
          <reporter-output>
          </reporter-output>
        </test-method> <!-- loginApp -->
        <test-method signature="closeApp()[pri:2, instance:TestNG.OrangeHRMTest@6025e1b6]" started-at="2025-11-30T20:48:40 IST" name="closeApp" finished-at="2025-11-30T20:48:41 IST" duration-ms="738" status="PASS">
          <reporter-output>
          </reporter-output>
        </test-method> <!-- closeApp -->
      </class> <!-- TestNG.OrangeHRMTest -->
    </test> <!-- Test -->
  </suite> <!-- Suite -->
</testng-results>
