<?xml version="1.0" encoding="UTF-8"?>
<testng-results ignored="6" total="9" passed="3" failed="0" skipped="0">
  <reporter-output>
  </reporter-output>
  <suite started-at="2025-12-09T21:53:56 IST" name="Suite" finished-at="2025-12-09T21:53:56 IST" duration-ms="208">
    <groups>
      <group name="functional">
        <method signature="searchTests.search()[pri:1, instance:GroupingDemo.searchTests@43bc63a3]" name="search" class="GroupingDemo.searchTests"/>
        <method signature="searchTests.advancedSearch()[pri:2, instance:GroupingDemo.searchTests@43bc63a3]" name="advancedSearch" class="GroupingDemo.searchTests"/>
        <method signature="searchTests.googleSearch()[pri:3, instance:GroupingDemo.searchTests@43bc63a3]" name="googleSearch" class="GroupingDemo.searchTests"/>
      </group> <!-- functional -->
      <group name="regression">
        <method signature="searchTests.search()[pri:1, instance:GroupingDemo.searchTests@43bc63a3]" name="search" class="GroupingDemo.searchTests"/>
        <method signature="searchTests.advancedSearch()[pri:2, instance:GroupingDemo.searchTests@43bc63a3]" name="advancedSearch" class="GroupingDemo.searchTests"/>
        <method signature="searchTests.googleSearch()[pri:3, instance:GroupingDemo.searchTests@43bc63a3]" name="googleSearch" class="GroupingDemo.searchTests"/>
      </group> <!-- regression -->
      <group name="sanity">
        <method signature="searchTests.search()[pri:1, instance:GroupingDemo.searchTests@43bc63a3]" name="search" class="GroupingDemo.searchTests"/>
        <method signature="searchTests.advancedSearch()[pri:2, instance:GroupingDemo.searchTests@43bc63a3]" name="advancedSearch" class="GroupingDemo.searchTests"/>
        <method signature="searchTests.googleSearch()[pri:3, instance:GroupingDemo.searchTests@43bc63a3]" name="googleSearch" class="GroupingDemo.searchTests"/>
      </group> <!-- sanity -->
    </groups>
    <test started-at="2025-12-09T21:53:56 IST" name="Test" finished-at="2025-12-09T21:53:56 IST" duration-ms="208">
      <class name="GroupingDemo.searchTests">
        <test-method signature="search()[pri:1, instance:GroupingDemo.searchTests@43bc63a3]" started-at="2025-12-09T21:53:56 IST" name="search" finished-at="2025-12-09T21:53:56 IST" duration-ms="28" status="PASS">
          <reporter-output>
          </reporter-output>
        </test-method> <!-- search -->
        <test-method signature="advancedSearch()[pri:2, instance:GroupingDemo.searchTests@43bc63a3]" started-at="2025-12-09T21:53:56 IST" name="advancedSearch" finished-at="2025-12-09T21:53:56 IST" duration-ms="4" status="PASS">
          <reporter-output>
          </reporter-output>
        </test-method> <!-- advancedSearch -->
        <test-method signature="googleSearch()[pri:3, instance:GroupingDemo.searchTests@43bc63a3]" started-at="2025-12-09T21:53:56 IST" name="googleSearch" finished-at="2025-12-09T21:53:56 IST" duration-ms="7" status="PASS">
          <reporter-output>
          </reporter-output>
        </test-method> <!-- googleSearch -->
      </class> <!-- GroupingDemo.searchTests -->
    </test> <!-- Test -->
  </suite> <!-- Suite -->
</testng-results>
