<?xml version="1.0" encoding="UTF-8"?>
<!-- Generated by org.testng.reporters.JUnitReportReporter -->
<testsuite hostname="LAPTOP-SGCHBQ7S" failures="0" tests="2" name="TestNGAnnotations.AnnotationsDemo2" time="0.031" errors="0" timestamp="2025-12-01T23:20:12 IST" skipped="0">
  <testcase classname="TestNGAnnotations.AnnotationsDemo2" name="search" time="0.024"/>
  <testcase classname="TestNGAnnotations.AnnotationsDemo2" name="advanceSearch" time="0.007"/>
</testsuite> <!-- TestNGAnnotations.AnnotationsDemo2 -->
