<?xml version="1.0" encoding="UTF-8"?>
<!-- Generated by org.testng.reporters.JUnitReportReporter -->
<testsuite hostname="LAPTOP-SGCHBQ7S" failures="0" tests="3" name="GroupingDemo.searchTests" time="0.039" errors="0" timestamp="2025-12-09T21:53:57 IST" skipped="0">
  <testcase classname="GroupingDemo.searchTests" name="search" time="0.028"/>
  <testcase classname="GroupingDemo.searchTests" name="advancedSearch" time="0.004"/>
  <testcase classname="GroupingDemo.searchTests" name="googleSearch" time="0.007"/>
</testsuite> <!-- GroupingDemo.searchTests -->
