<?xml version="1.0" encoding="UTF-8"?>
<!-- Generated by org.testng.reporters.JUnitReportReporter -->
<testsuite hostname="LAPTOP-SGCHBQ7S" failures="0" tests="4" name="TestNG.OrangeHRMTest" time="6.209" errors="0" timestamp="2025-11-30T20:48:42 IST" skipped="0">
  <testcase classname="TestNG.OrangeHRMTest" name="openApp" time="4.382"/>
  <testcase classname="TestNG.OrangeHRMTest" name="logoPresence" time="0.112"/>
  <testcase classname="TestNG.OrangeHRMTest" name="loginApp" time="0.977"/>
  <testcase classname="TestNG.OrangeHRMTest" name="closeApp" time="0.738"/>
</testsuite> <!-- TestNG.OrangeHRMTest -->
