<?xml version="1.0" encoding="UTF-8"?>
<!-- Generated by org.testng.reporters.JUnitReportReporter -->
<testsuite hostname="LAPTOP-SGCHBQ7S" failures="0" tests="3" name="GroupingDemo.signUpTests" time="0.021" errors="0" timestamp="2025-12-09T21:42:38 IST" skipped="0">
  <testcase classname="GroupingDemo.signUpTests" name="signwithEmail" time="0.010"/>
  <testcase classname="GroupingDemo.signUpTests" name="signwithFB" time="0.003"/>
  <testcase classname="GroupingDemo.signUpTests" name="signwithtwitter" time="0.008"/>
</testsuite> <!-- GroupingDemo.signUpTests -->
