<?xml version="1.0" encoding="UTF-8"?>
<!-- Generated by org.testng.reporters.JUnitReportReporter -->
<testsuite hostname="LAPTOP-SGCHBQ7S" failures="0" tests="3" name="GroupingDemo.LoginTests" time="0.025" errors="0" timestamp="2025-12-09T21:47:38 IST" skipped="0">
  <testcase classname="GroupingDemo.LoginTests" name="loginwithemail" time="0.019"/>
  <testcase classname="GroupingDemo.LoginTests" name="loginwithFB" time="0.002"/>
  <testcase classname="GroupingDemo.LoginTests" name="loginwithtwitter" time="0.004"/>
</testsuite> <!-- GroupingDemo.LoginTests -->
