<?xml version="1.0" encoding="UTF-8"?>
<!-- Generated by org.testng.reporters.JUnitReportReporter -->
<testsuite hostname="LAPTOP-SGCHBQ7S" failures="0" tests="4" name="TestNG.FirstTestCase" time="0.028" errors="0" timestamp="2025-11-30T20:48:42 IST" skipped="0">
  <testcase classname="TestNG.FirstTestCase" name="logoutApp" time="0.016"/>
  <testcase classname="TestNG.FirstTestCase" name="closeApp" time="0.005"/>
  <testcase classname="TestNG.FirstTestCase" name="loginApp" time="0.004"/>
  <testcase classname="TestNG.FirstTestCase" name="openApp" time="0.003"/>
</testsuite> <!-- TestNG.FirstTestCase -->
